<?xml version="1.0" encoding="UTF-8"?>
<!-- Generated by org.testng.reporters.JUnitXMLReporter -->
<testsuite hostname="SAG-8JC82X2" ignored="1" name="CarLoan" tests="2" failures="0" timestamp="2022-04-04T10:30:23 IST" time="0.027" errors="0">
  <testcase name="exitCarloan" time="0.003" classname="test.Day3"/>
  <testcase name="calculateCarloan" time="0.001" classname="test.Day3"/>
  <testcase name="loginCarloan" time="0.0" classname="test.Day3">
    <ignored/>
  </testcase> <!-- loginCarloan -->
</testsuite> <!-- CarLoan -->
