<?xml version="1.0" encoding="UTF-8"?>
<!-- Generated by org.testng.reporters.JUnitXMLReporter -->
<testsuite hostname="SAG-8JC82X2" ignored="4" name="HomeLoan" tests="1" failures="0" timestamp="2022-04-04T10:30:23 IST" time="0.004" errors="0">
  <testcase name="calculateHomeloan" time="0.001" classname="test.Day2"/>
  <testcase name="loginNowloan" time="0.0" classname="test.Day2">
    <ignored/>
  </testcase> <!-- loginNowloan -->
  <testcase name="exitHomeloan" time="0.0" classname="test.Day2">
    <ignored/>
  </testcase> <!-- exitHomeloan -->
  <testcase name="loginHomeloan" time="0.0" classname="test.Day2">
    <ignored/>
  </testcase> <!-- loginHomeloan -->
  <testcase name="loginAgainloan" time="0.0" classname="test.Day2">
    <ignored/>
  </testcase> <!-- loginAgainloan -->
</testsuite> <!-- HomeLoan -->
