<?xml version="1.0" encoding="UTF-8"?>
<!-- Generated by org.testng.reporters.JUnitXMLReporter -->
<testsuite hostname="SAG-8JC82X2" ignored="0" name="Test" tests="6" failures="0" timestamp="2022-04-04T09:01:01 IST" time="0.041" errors="0">
  <testcase name="calculateCarloan" time="0.006" classname="test.Day1"/>
  <testcase name="exitCarloan" time="0.002" classname="test.Day1"/>
  <testcase name="loginCarloan" time="0.0" classname="test.Day1"/>
  <testcase name="calculateHomeloan" time="0.001" classname="test.Day2"/>
  <testcase name="exitHomeloan" time="0.001" classname="test.Day2"/>
  <testcase name="loginHomeloan" time="0.001" classname="test.Day2"/>
</testsuite> <!-- Test -->
