<?xml version="1.0" encoding="UTF-8"?>
<testng-results skipped="0" failed="0" ignored="0" total="3" passed="3">
  <reporter-output>
  </reporter-output>
  <suite name="Default suite" duration-ms="37" started-at="2022-04-04T13:49:47 IST" finished-at="2022-04-04T13:49:47 IST">
    <groups>
    </groups>
    <test name="Default test" duration-ms="37" started-at="2022-04-04T13:49:47 IST" finished-at="2022-04-04T13:49:47 IST">
      <class name="test.Example">
        <test-method status="PASS" signature="demoTest4()[pri:0, instance:test.Example@6c49835d]" name="demoTest4" is-config="true" duration-ms="4" started-at="2022-04-04T13:49:47 IST" finished-at="2022-04-04T13:49:47 IST">
          <reporter-output>
          </reporter-output>
        </test-method> <!-- demoTest4 -->
        <test-method status="PASS" signature="demoTest()[pri:0, instance:test.Example@6c49835d]" name="demoTest" duration-ms="4" started-at="2022-04-04T13:49:47 IST" finished-at="2022-04-04T13:49:47 IST">
          <reporter-output>
          </reporter-output>
        </test-method> <!-- demoTest -->
        <test-method status="PASS" signature="demoTest4()[pri:0, instance:test.Example@6c49835d]" name="demoTest4" is-config="true" duration-ms="0" started-at="2022-04-04T13:49:47 IST" finished-at="2022-04-04T13:49:47 IST">
          <reporter-output>
          </reporter-output>
        </test-method> <!-- demoTest4 -->
        <test-method status="PASS" signature="demoTest1()[pri:0, instance:test.Example@6c49835d]" name="demoTest1" duration-ms="0" started-at="2022-04-04T13:49:47 IST" finished-at="2022-04-04T13:49:47 IST">
          <reporter-output>
          </reporter-output>
        </test-method> <!-- demoTest1 -->
        <test-method status="PASS" signature="demoTest2()[pri:0, instance:test.Example@6c49835d]" name="demoTest2" duration-ms="1" started-at="2022-04-04T13:49:47 IST" finished-at="2022-04-04T13:49:47 IST">
          <reporter-output>
          </reporter-output>
        </test-method> <!-- demoTest2 -->
        <test-method status="PASS" signature="demoTest4()[pri:0, instance:test.Example@6c49835d]" name="demoTest4" is-config="true" duration-ms="0" started-at="2022-04-04T13:49:47 IST" finished-at="2022-04-04T13:49:47 IST">
          <reporter-output>
          </reporter-output>
        </test-method> <!-- demoTest4 -->
      </class> <!-- test.Example -->
    </test> <!-- Default test -->
  </suite> <!-- Default suite -->
</testng-results>
